\BOOKMARK [1][-]{section.1}{Abstract}{}% 1
\BOOKMARK [1][-]{section.2}{Introduction}{}% 2
\BOOKMARK [2][-]{subsection.2.1}{Local Installs}{section.2}% 3
\BOOKMARK [3][-]{subsubsection.2.1.1}{RStudio Server}{subsection.2.1}% 4
\BOOKMARK [3][-]{subsubsection.2.1.2}{JupyterHub}{subsection.2.1}% 5
\BOOKMARK [3][-]{subsubsection.2.1.3}{Raspberry Pi}{subsection.2.1}% 6
\BOOKMARK [3][-]{subsubsection.2.1.4}{HPC and Cloud}{subsection.2.1}% 7
\BOOKMARK [2][-]{subsection.2.2}{Data and Files}{section.2}% 8
\BOOKMARK [2][-]{subsection.2.3}{Getting Started}{section.2}% 9
\BOOKMARK [2][-]{subsection.2.4}{Creating Rev Files}{section.2}% 10
\BOOKMARK [2][-]{subsection.2.5}{Start the Master Rev File and Import Data}{section.2}% 11
\BOOKMARK [3][-]{subsubsection.2.5.1}{Load Taxon List}{subsection.2.5}% 12
\BOOKMARK [3][-]{subsubsection.2.5.2}{Load Data Matrices}{subsection.2.5}% 13
\BOOKMARK [3][-]{subsubsection.2.5.3}{Add Missing Taxa}{subsection.2.5}% 14
\BOOKMARK [3][-]{subsubsection.2.5.4}{Create Helper Variables}{subsection.2.5}% 15
\BOOKMARK [2][-]{subsection.2.6}{The Fossilized Birth-Death Process}{section.2}% 16
\BOOKMARK [3][-]{subsubsection.2.6.1}{Speciation and Extinction Rates}{subsection.2.6}% 17
\BOOKMARK [3][-]{subsubsection.2.6.2}{Probability of Sampling Extant Taxa}{subsection.2.6}% 18
\BOOKMARK [3][-]{subsubsection.2.6.3}{The Fossil Sampling Rate}{subsection.2.6}% 19
\BOOKMARK [3][-]{subsubsection.2.6.4}{The Origin Time}{subsection.2.6}% 20
\BOOKMARK [3][-]{subsubsection.2.6.5}{The FBD Distribution Object}{subsection.2.6}% 21
\BOOKMARK [3][-]{subsubsection.2.6.6}{Clade Constraints}{subsection.2.6}% 22
\BOOKMARK [3][-]{subsubsection.2.6.7}{Moves on the Tree Topology and Node Ages}{subsection.2.6}% 23
\BOOKMARK [3][-]{subsubsection.2.6.8}{Sampling Fossil Occurrence Ages}{subsection.2.6}% 24
\BOOKMARK [3][-]{subsubsection.2.6.9}{Monitoring Parameters of Interest using Deterministic Nodes}{subsection.2.6}% 25
\BOOKMARK [2][-]{subsection.2.7}{The Uncorrelated Exponential Relaxed-Clock Model}{section.2}% 26
\BOOKMARK [2][-]{subsection.2.8}{The General Time-Reversible + Gamma Model of Nucleotide Sequence Evolution}{section.2}% 27
\BOOKMARK [2][-]{subsection.2.9}{Modeling the Evolution of Binary Morphological Characters}{section.2}% 28
\BOOKMARK [2][-]{subsection.2.10}{Complete Master Rev File}{section.2}% 29
\BOOKMARK [3][-]{subsubsection.2.10.1}{Source Model Scripts}{subsection.2.10}% 30
\BOOKMARK [3][-]{subsubsection.2.10.2}{Create Model Object}{subsection.2.10}% 31
\BOOKMARK [3][-]{subsubsection.2.10.3}{Specify Monitors and Output Filenames}{subsection.2.10}% 32
\BOOKMARK [3][-]{subsubsection.2.10.4}{Set-Up the MCMC}{subsection.2.10}% 33
\BOOKMARK [2][-]{subsection.2.11}{Execute the MCMC Analysis}{section.2}% 34
\BOOKMARK [2][-]{subsection.2.12}{Evaluate and Summarize Your Results}{section.2}% 35
\BOOKMARK [3][-]{subsubsection.2.12.1}{Evaluate MCMC}{subsection.2.12}% 36
\BOOKMARK [3][-]{subsubsection.2.12.2}{Summarize Tree}{subsection.2.12}% 37
